<?xml version="1.0" encoding="UTF-8"?>
<testsuite xmlns:xsi="http://www.w3.org/2001/XMLSchema-instance" xsi:noNamespaceSchemaLocation="https://maven.apache.org/surefire/maven-surefire-plugin/xsd/surefire-test-report-3.0.xsd" version="3.0" name="TestSuite" time="0.713" tests="14" errors="0" skipped="0" failures="0">
  <properties>
    <property name="java.specification.version" value="14"/>
    <property name="sun.jnu.encoding" value="UTF-8"/>
    <property name="java.class.path" value="/Users/ogorbachenko/projects/BallclockTestTask/target/test-classes:/Users/ogorbachenko/projects/BallclockTestTask/target/classes:/Users/ogorbachenko/.m2/repository/org/testng/testng/6.14.3/testng-6.14.3.jar:/Users/ogorbachenko/.m2/repository/com/beust/jcommander/1.72/jcommander-1.72.jar:/Users/ogorbachenko/.m2/repository/org/apache-extras/beanshell/bsh/2.0b6/bsh-2.0b6.jar:/Users/ogorbachenko/.m2/repository/com/google/code/gson/gson/2.8.2/gson-2.8.2.jar:/Users/ogorbachenko/.m2/repository/org/kohsuke/args4j/args4j-maven-plugin/2.33/args4j-maven-plugin-2.33.jar:/Users/ogorbachenko/.m2/repository/args4j/args4j-tools/2.33/args4j-tools-2.33-all.jar:/Users/ogorbachenko/.m2/repository/args4j/args4j/2.33/args4j-2.33.jar:/Users/ogorbachenko/.m2/repository/org/apache/maven/maven-project/2.0.4/maven-project-2.0.4.jar:/Users/ogorbachenko/.m2/repository/org/apache/maven/maven-settings/2.0.4/maven-settings-2.0.4.jar:/Users/ogorbachenko/.m2/repository/org/apache/maven/maven-profile/2.0.4/maven-profile-2.0.4.jar:/Users/ogorbachenko/.m2/repository/org/apache/maven/maven-model/2.0.4/maven-model-2.0.4.jar:/Users/ogorbachenko/.m2/repository/org/apache/maven/maven-artifact-manager/2.0.4/maven-artifact-manager-2.0.4.jar:/Users/ogorbachenko/.m2/repository/org/apache/maven/maven-repository-metadata/2.0.4/maven-repository-metadata-2.0.4.jar:/Users/ogorbachenko/.m2/repository/org/apache/maven/wagon/wagon-provider-api/1.0-alpha-6/wagon-provider-api-1.0-alpha-6.jar:/Users/ogorbachenko/.m2/repository/org/codehaus/plexus/plexus-utils/1.1/plexus-utils-1.1.jar:/Users/ogorbachenko/.m2/repository/org/apache/maven/maven-artifact/2.0.4/maven-artifact-2.0.4.jar:/Users/ogorbachenko/.m2/repository/org/codehaus/plexus/plexus-container-default/1.0-alpha-9/plexus-container-default-1.0-alpha-9.jar:/Users/ogorbachenko/.m2/repository/junit/junit/3.8.1/junit-3.8.1.jar:/Users/ogorbachenko/.m2/repository/classworlds/classworlds/1.1-alpha-2/classworlds-1.1-alpha-2.jar:/Users/ogorbachenko/.m2/repository/org/apache/maven/maven-plugin-api/2.0/maven-plugin-api-2.0.jar:/Users/ogorbachenko/.m2/repository/com/google/guava/guava/23.6-jre/guava-23.6-jre.jar:/Users/ogorbachenko/.m2/repository/com/google/code/findbugs/jsr305/1.3.9/jsr305-1.3.9.jar:/Users/ogorbachenko/.m2/repository/org/checkerframework/checker-compat-qual/2.0.0/checker-compat-qual-2.0.0.jar:/Users/ogorbachenko/.m2/repository/com/google/errorprone/error_prone_annotations/2.1.3/error_prone_annotations-2.1.3.jar:/Users/ogorbachenko/.m2/repository/com/google/j2objc/j2objc-annotations/1.1/j2objc-annotations-1.1.jar:/Users/ogorbachenko/.m2/repository/org/codehaus/mojo/animal-sniffer-annotations/1.14/animal-sniffer-annotations-1.14.jar:"/>
    <property name="java.vm.vendor" value="Oracle Corporation"/>
    <property name="sun.arch.data.model" value="64"/>
    <property name="java.vendor.url" value="https://java.oracle.com/"/>
    <property name="user.timezone" value="Europe/Kiev"/>
    <property name="os.name" value="Mac OS X"/>
    <property name="java.vm.specification.version" value="14"/>
    <property name="sun.java.launcher" value="SUN_STANDARD"/>
    <property name="user.country" value="UA"/>
    <property name="sun.boot.library.path" value="/Library/Java/JavaVirtualMachines/jdk-14.0.1.jdk/Contents/Home/lib"/>
    <property name="sun.java.command" value="/Users/ogorbachenko/projects/BallclockTestTask/target/surefire/surefirebooter12805087420723074719.jar /Users/ogorbachenko/projects/BallclockTestTask/target/surefire 2020-05-08T01-44-20_469-jvmRun1 surefire11141294465126770025tmp surefire_016259866809727623654tmp"/>
    <property name="http.nonProxyHosts" value="local|*.local|169.254/16|*.169.254/16"/>
    <property name="jdk.debug" value="release"/>
    <property name="surefire.test.class.path" value="/Users/ogorbachenko/projects/BallclockTestTask/target/test-classes:/Users/ogorbachenko/projects/BallclockTestTask/target/classes:/Users/ogorbachenko/.m2/repository/org/testng/testng/6.14.3/testng-6.14.3.jar:/Users/ogorbachenko/.m2/repository/com/beust/jcommander/1.72/jcommander-1.72.jar:/Users/ogorbachenko/.m2/repository/org/apache-extras/beanshell/bsh/2.0b6/bsh-2.0b6.jar:/Users/ogorbachenko/.m2/repository/com/google/code/gson/gson/2.8.2/gson-2.8.2.jar:/Users/ogorbachenko/.m2/repository/org/kohsuke/args4j/args4j-maven-plugin/2.33/args4j-maven-plugin-2.33.jar:/Users/ogorbachenko/.m2/repository/args4j/args4j-tools/2.33/args4j-tools-2.33-all.jar:/Users/ogorbachenko/.m2/repository/args4j/args4j/2.33/args4j-2.33.jar:/Users/ogorbachenko/.m2/repository/org/apache/maven/maven-project/2.0.4/maven-project-2.0.4.jar:/Users/ogorbachenko/.m2/repository/org/apache/maven/maven-settings/2.0.4/maven-settings-2.0.4.jar:/Users/ogorbachenko/.m2/repository/org/apache/maven/maven-profile/2.0.4/maven-profile-2.0.4.jar:/Users/ogorbachenko/.m2/repository/org/apache/maven/maven-model/2.0.4/maven-model-2.0.4.jar:/Users/ogorbachenko/.m2/repository/org/apache/maven/maven-artifact-manager/2.0.4/maven-artifact-manager-2.0.4.jar:/Users/ogorbachenko/.m2/repository/org/apache/maven/maven-repository-metadata/2.0.4/maven-repository-metadata-2.0.4.jar:/Users/ogorbachenko/.m2/repository/org/apache/maven/wagon/wagon-provider-api/1.0-alpha-6/wagon-provider-api-1.0-alpha-6.jar:/Users/ogorbachenko/.m2/repository/org/codehaus/plexus/plexus-utils/1.1/plexus-utils-1.1.jar:/Users/ogorbachenko/.m2/repository/org/apache/maven/maven-artifact/2.0.4/maven-artifact-2.0.4.jar:/Users/ogorbachenko/.m2/repository/org/codehaus/plexus/plexus-container-default/1.0-alpha-9/plexus-container-default-1.0-alpha-9.jar:/Users/ogorbachenko/.m2/repository/junit/junit/3.8.1/junit-3.8.1.jar:/Users/ogorbachenko/.m2/repository/classworlds/classworlds/1.1-alpha-2/classworlds-1.1-alpha-2.jar:/Users/ogorbachenko/.m2/repository/org/apache/maven/maven-plugin-api/2.0/maven-plugin-api-2.0.jar:/Users/ogorbachenko/.m2/repository/com/google/guava/guava/23.6-jre/guava-23.6-jre.jar:/Users/ogorbachenko/.m2/repository/com/google/code/findbugs/jsr305/1.3.9/jsr305-1.3.9.jar:/Users/ogorbachenko/.m2/repository/org/checkerframework/checker-compat-qual/2.0.0/checker-compat-qual-2.0.0.jar:/Users/ogorbachenko/.m2/repository/com/google/errorprone/error_prone_annotations/2.1.3/error_prone_annotations-2.1.3.jar:/Users/ogorbachenko/.m2/repository/com/google/j2objc/j2objc-annotations/1.1/j2objc-annotations-1.1.jar:/Users/ogorbachenko/.m2/repository/org/codehaus/mojo/animal-sniffer-annotations/1.14/animal-sniffer-annotations-1.14.jar:"/>
    <property name="sun.cpu.endian" value="little"/>
    <property name="user.home" value="/Users/ogorbachenko"/>
    <property name="user.language" value="en"/>
    <property name="java.specification.vendor" value="Oracle Corporation"/>
    <property name="java.version.date" value="2020-04-14"/>
    <property name="java.home" value="/Library/Java/JavaVirtualMachines/jdk-14.0.1.jdk/Contents/Home"/>
    <property name="file.separator" value="/"/>
    <property name="basedir" value="/Users/ogorbachenko/projects/BallclockTestTask"/>
    <property name="java.vm.compressedOopsMode" value="Zero based"/>
    <property name="line.separator" value="&#10;"/>
    <property name="java.specification.name" value="Java Platform API Specification"/>
    <property name="java.vm.specification.vendor" value="Oracle Corporation"/>
    <property name="surefire.real.class.path" value="/Users/ogorbachenko/projects/BallclockTestTask/target/surefire/surefirebooter12805087420723074719.jar"/>
    <property name="sun.management.compiler" value="HotSpot 64-Bit Tiered Compilers"/>
    <property name="ftp.nonProxyHosts" value="local|*.local|169.254/16|*.169.254/16"/>
    <property name="java.runtime.version" value="14.0.1+7"/>
    <property name="user.name" value="ogorbachenko"/>
    <property name="path.separator" value=":"/>
    <property name="os.version" value="10.15.4"/>
    <property name="java.runtime.name" value="Java(TM) SE Runtime Environment"/>
    <property name="file.encoding" value="UTF-8"/>
    <property name="java.vm.name" value="Java HotSpot(TM) 64-Bit Server VM"/>
    <property name="localRepository" value="/Users/ogorbachenko/.m2/repository"/>
    <property name="java.vendor.url.bug" value="https://bugreport.java.com/bugreport/"/>
    <property name="java.io.tmpdir" value="/var/folders/ds/0sd9xwqx66l3510vdps2f2_00000gn/T/"/>
    <property name="java.version" value="14.0.1"/>
    <property name="user.dir" value="/Users/ogorbachenko/projects/BallclockTestTask"/>
    <property name="os.arch" value="x86_64"/>
    <property name="java.vm.specification.name" value="Java Virtual Machine Specification"/>
    <property name="java.library.path" value="/Users/ogorbachenko/Library/Java/Extensions:/Library/Java/Extensions:/Network/Library/Java/Extensions:/System/Library/Java/Extensions:/usr/lib/java:."/>
    <property name="java.vm.info" value="mixed mode, sharing"/>
    <property name="java.vendor" value="Oracle Corporation"/>
    <property name="java.vm.version" value="14.0.1+7"/>
    <property name="sun.io.unicode.encoding" value="UnicodeBig"/>
    <property name="socksNonProxyHosts" value="local|*.local|169.254/16|*.169.254/16"/>
    <property name="java.class.version" value="58.0"/>
  </properties>
  <testcase name="input_30Balls_expected_13Days_happyPath" classname="BallClockTest" time="0.019"/>
  <testcase name="input_65Balls_expected_70Days_happyPath" classname="BallClockTest" time="0.013"/>
  <testcase name="test_rail_after_1m_with_39b_happyPath" classname="BallClockTest" time="0.009"/>
  <testcase name="test_rail_after_28m_with_28b_happyPath" classname="BallClockTest" time="0.002"/>
  <testcase name="test_rail_after_65m_with_127b_happyPath" classname="BallClockTest" time="0.004"/>
  <testcase name="enter_28balls_for_days_happyPath" classname="SystemOutTest" time="0.018"/>
  <testcase name="enter_28min_and_28balls_for_min_happyPath" classname="SystemOutTest" time="0.002"/>
  <testcase name="test_enter_28balls_for_dayCounter_happyPath" classname="SystemOutTest" time="0.011"/>
  <testcase name="test_enter_wrong_128balls_for_dayCounter_sadPath" classname="SystemOutTest" time="0.001"/>
  <testcase name="test_enter_wrong_26balls_for_dayCounter_sadPath" classname="SystemOutTest" time="0.001"/>
  <testcase name="test_enter_wrong_value_in_select_month_or_days_sadPath" classname="SystemOutTest" time="0"/>
  <testcase name="test_minutes_method_21min_wrong_128balls_sadPath" classname="SystemOutTest" time="0.001"/>
  <testcase name="test_minutes_method_21min_wrong_27balls_sadPath" classname="SystemOutTest" time="0.002"/>
  <testcase name="test_minutes_method_28min_28balls_happyPath" classname="SystemOutTest" time="0.003"/>
</testsuite>